launcher/build/intermediates/manifest_merge_blame_file/debug/manifest-merger-blame-debug-report.txt
1<?xml version="1.0" encoding="utf-8"?>
2<!-- GENERATED BY UNITY. REMOVE THIS COMMENT TO PREVENT OVERWRITING WHEN EXPORTING AGAIN -->
3<manifest xmlns:android="http://schemas.android.com/apk/res/android"
4    package="com.testproject.autospawn"
5    android:installLocation="preferExternal"
6    android:versionCode="1"
7    android:versionName="0.1" >
8
9    <uses-sdk
10        android:minSdkVersion="24"
10-->src\main\AndroidManifest.xml
11        android:targetSdkVersion="31" />
11-->src\main\AndroidManifest.xml
12
13    <supports-screens
13-->src\main\AndroidManifest.xml:4:3-163
14        android:anyDensity="true"
14-->src\main\AndroidManifest.xml:4:135-160
15        android:largeScreens="true"
15-->src\main\AndroidManifest.xml:4:78-105
16        android:normalScreens="true"
16-->src\main\AndroidManifest.xml:4:49-77
17        android:smallScreens="true"
17-->src\main\AndroidManifest.xml:4:21-48
18        android:xlargeScreens="true" />
18-->src\main\AndroidManifest.xml:4:106-134
19
20    <uses-feature android:glEsVersion="0x00030000" />
20-->[:unityLibrary] AndroidManifest.xml:10:5-54
20-->[:unityLibrary] AndroidManifest.xml:10:19-51
21
22    <uses-permission android:name="android.permission.INTERNET" />
22-->[:unityLibrary] AndroidManifest.xml:12:5-67
22-->[:unityLibrary] AndroidManifest.xml:12:22-64
23
24    <uses-feature
24-->[:unityLibrary] AndroidManifest.xml:14:5-16:36
25        android:name="android.hardware.touchscreen"
25-->[:unityLibrary] AndroidManifest.xml:15:9-52
26        android:required="false" />
26-->[:unityLibrary] AndroidManifest.xml:16:9-33
27    <uses-feature
27-->[:unityLibrary] AndroidManifest.xml:17:5-19:36
28        android:name="android.hardware.touchscreen.multitouch"
28-->[:unityLibrary] AndroidManifest.xml:18:9-63
29        android:required="false" />
29-->[:unityLibrary] AndroidManifest.xml:19:9-33
30    <uses-feature
30-->[:unityLibrary] AndroidManifest.xml:20:5-22:36
31        android:name="android.hardware.touchscreen.multitouch.distinct"
31-->[:unityLibrary] AndroidManifest.xml:21:9-72
32        android:required="false" />
32-->[:unityLibrary] AndroidManifest.xml:22:9-33
33
34    <uses-permission android:name="android.permission.CAMERA" />
34-->[:unityLibrary] AndroidManifest.xml:24:5-65
34-->[:unityLibrary] AndroidManifest.xml:24:22-62
35
36    <uses-feature
36-->[:unityLibrary] AndroidManifest.xml:26:5-28:35
37        android:name="android.hardware.camera.ar"
37-->[:unityLibrary] AndroidManifest.xml:27:9-50
38        android:required="true" />
38-->[:unityLibrary] AndroidManifest.xml:28:9-32
39    <uses-feature
39-->[:unityLibrary] AndroidManifest.xml:29:5-31:35
40        android:name="com.google.ar.core.depth"
40-->[:unityLibrary] AndroidManifest.xml:30:9-48
41        android:required="true" />
41-->[:unityLibrary] AndroidManifest.xml:31:9-32
42
43    <queries>
43-->[:arcore_client:] AndroidManifest.xml:29:5-31:15
44        <package android:name="com.google.ar.core" />
44-->[:arcore_client:] AndroidManifest.xml:30:9-54
44-->[:arcore_client:] AndroidManifest.xml:30:18-51
45    </queries>
46
47    <application
47-->src\main\AndroidManifest.xml:5:3-116
48        android:appComponentFactory="androidx.core.app.CoreComponentFactory"
48-->[androidx.core:core:1.8.0] AndroidManifest.xml:24:18-86
49        android:debuggable="true"
50        android:extractNativeLibs="true"
50-->src\main\AndroidManifest.xml:5:16-48
51        android:icon="@mipmap/app_icon"
51-->src\main\AndroidManifest.xml:5:82-113
52        android:label="@string/app_name"
52-->src\main\AndroidManifest.xml:5:49-81
53        android:testOnly="true" >
54        <activity
54-->[:unityLibrary] AndroidManifest.xml:34:9-55:20
55            android:name="com.unity3d.player.UnityPlayerActivity"
55-->[:unityLibrary] AndroidManifest.xml:35:13-66
56            android:configChanges="mcc|mnc|locale|touchscreen|keyboard|keyboardHidden|navigation|orientation|screenLayout|uiMode|screenSize|smallestScreenSize|fontScale|layoutDirection|density"
56-->[:unityLibrary] AndroidManifest.xml:36:13-194
57            android:exported="true"
57-->[:unityLibrary] AndroidManifest.xml:37:13-36
58            android:hardwareAccelerated="false"
58-->[:unityLibrary] AndroidManifest.xml:38:13-48
59            android:launchMode="singleTask"
59-->[:unityLibrary] AndroidManifest.xml:39:13-44
60            android:resizeableActivity="false"
60-->[:unityLibrary] AndroidManifest.xml:40:13-47
61            android:screenOrientation="fullSensor"
61-->[:unityLibrary] AndroidManifest.xml:41:13-51
62            android:theme="@style/UnityThemeSelector" >
62-->[:unityLibrary] AndroidManifest.xml:42:13-54
63            <intent-filter>
63-->[:unityLibrary] AndroidManifest.xml:43:13-47:29
64                <action android:name="android.intent.action.MAIN" />
64-->[:unityLibrary] AndroidManifest.xml:44:17-69
64-->[:unityLibrary] AndroidManifest.xml:44:25-66
65
66                <category android:name="android.intent.category.LAUNCHER" />
66-->[:unityLibrary] AndroidManifest.xml:46:17-77
66-->[:unityLibrary] AndroidManifest.xml:46:27-74
67            </intent-filter>
68
69            <meta-data
69-->[:unityLibrary] AndroidManifest.xml:49:13-51:40
70                android:name="unityplayer.UnityActivity"
70-->[:unityLibrary] AndroidManifest.xml:50:17-57
71                android:value="true" />
71-->[:unityLibrary] AndroidManifest.xml:51:17-37
72            <meta-data
72-->[:unityLibrary] AndroidManifest.xml:52:13-54:40
73                android:name="android.notch_support"
73-->[:unityLibrary] AndroidManifest.xml:53:17-53
74                android:value="true" />
74-->[:unityLibrary] AndroidManifest.xml:54:17-37
75        </activity>
76        <activity android:name="com.unity3d.player.TouchControllActivity" />
76-->[:unityLibrary] AndroidManifest.xml:56:9-77
76-->[:unityLibrary] AndroidManifest.xml:56:19-74
77
78        <service
78-->[:unityLibrary] AndroidManifest.xml:58:9-65:19
79            android:name="com.unity3d.player.NotificationListener"
79-->[:unityLibrary] AndroidManifest.xml:59:13-67
80            android:exported="true"
80-->[:unityLibrary] AndroidManifest.xml:60:13-36
81            android:permission="android.permission.BIND_NOTIFICATION_LISTENER_SERVICE" >
81-->[:unityLibrary] AndroidManifest.xml:61:13-87
82            <intent-filter>
82-->[:unityLibrary] AndroidManifest.xml:62:13-64:29
83                <action android:name="android.service.notification.NotificationListenerService" />
83-->[:unityLibrary] AndroidManifest.xml:63:17-99
83-->[:unityLibrary] AndroidManifest.xml:63:25-96
84            </intent-filter>
85        </service>
86
87        <meta-data
87-->[:unityLibrary] AndroidManifest.xml:67:9-69:33
88            android:name="unity.splash-mode"
88-->[:unityLibrary] AndroidManifest.xml:68:13-45
89            android:value="0" />
89-->[:unityLibrary] AndroidManifest.xml:69:13-30
90        <meta-data
90-->[:unityLibrary] AndroidManifest.xml:70:9-72:36
91            android:name="unity.splash-enable"
91-->[:unityLibrary] AndroidManifest.xml:71:13-47
92            android:value="True" />
92-->[:unityLibrary] AndroidManifest.xml:72:13-33
93        <meta-data
93-->[:unityLibrary] AndroidManifest.xml:73:9-75:37
94            android:name="unity.allow-resizable-window"
94-->[:unityLibrary] AndroidManifest.xml:74:13-56
95            android:value="False" />
95-->[:unityLibrary] AndroidManifest.xml:75:13-34
96        <meta-data
96-->[:unityLibrary] AndroidManifest.xml:76:9-78:50
97            android:name="notch.config"
97-->[:unityLibrary] AndroidManifest.xml:77:13-40
98            android:value="portrait|landscape" />
98-->[:unityLibrary] AndroidManifest.xml:78:13-47
99        <meta-data
99-->[:unityLibrary] AndroidManifest.xml:79:9-81:68
100            android:name="unity.build-id"
100-->[:unityLibrary] AndroidManifest.xml:80:13-42
101            android:value="774fa5a4-7b11-4b8c-bbeb-c0e9fe4f9137" />
101-->[:unityLibrary] AndroidManifest.xml:81:13-65
102        <meta-data
102-->[:unityLibrary] AndroidManifest.xml:82:9-84:36
103            android:name="unityplayer.SkipPermissionsDialog"
103-->[:unityLibrary] AndroidManifest.xml:83:13-61
104            android:value="true" />
104-->[:unityLibrary] AndroidManifest.xml:84:13-33
105        <meta-data
105-->[:unityLibrary] AndroidManifest.xml:85:9-87:40
106            android:name="com.google.ar.core"
106-->[:unityLibrary] AndroidManifest.xml:86:13-46
107            android:value="required" /> <!-- The minimal version code of ARCore APK required for an app using this SDK. -->
107-->[:unityLibrary] AndroidManifest.xml:87:13-37
108        <meta-data
108-->[:arcore_client:] AndroidManifest.xml:36:9-38:41
109            android:name="com.google.ar.core.min_apk_version"
109-->[:arcore_client:] AndroidManifest.xml:37:13-62
110            android:value="202940000" /> <!-- This activity is critical for installing ARCore when it is not already present. -->
110-->[:arcore_client:] AndroidManifest.xml:38:13-38
111        <activity
111-->[:arcore_client:] AndroidManifest.xml:40:9-46:80
112            android:name="com.google.ar.core.InstallActivity"
112-->[:arcore_client:] AndroidManifest.xml:41:13-62
113            android:configChanges="keyboardHidden|orientation|screenSize"
113-->[:arcore_client:] AndroidManifest.xml:42:13-74
114            android:excludeFromRecents="true"
114-->[:arcore_client:] AndroidManifest.xml:43:13-46
115            android:exported="false"
115-->[:arcore_client:] AndroidManifest.xml:44:13-37
116            android:launchMode="singleTop"
116-->[:arcore_client:] AndroidManifest.xml:45:13-43
117            android:theme="@android:style/Theme.Material.Light.Dialog.Alert" />
117-->[:arcore_client:] AndroidManifest.xml:46:13-77
118
119        <provider
119-->[androidx.emoji2:emoji2:1.0.0] AndroidManifest.xml:26:9-34:20
120            android:name="androidx.startup.InitializationProvider"
120-->[androidx.emoji2:emoji2:1.0.0] AndroidManifest.xml:27:13-67
121            android:authorities="com.testproject.autospawn.androidx-startup"
121-->[androidx.emoji2:emoji2:1.0.0] AndroidManifest.xml:28:13-68
122            android:exported="false" >
122-->[androidx.emoji2:emoji2:1.0.0] AndroidManifest.xml:29:13-37
123            <meta-data
123-->[androidx.emoji2:emoji2:1.0.0] AndroidManifest.xml:31:13-33:52
124                android:name="androidx.emoji2.text.EmojiCompatInitializer"
124-->[androidx.emoji2:emoji2:1.0.0] AndroidManifest.xml:32:17-75
125                android:value="androidx.startup" />
125-->[androidx.emoji2:emoji2:1.0.0] AndroidManifest.xml:33:17-49
126            <meta-data
126-->[androidx.lifecycle:lifecycle-process:2.4.0] AndroidManifest.xml:31:13-33:52
127                android:name="androidx.lifecycle.ProcessLifecycleInitializer"
127-->[androidx.lifecycle:lifecycle-process:2.4.0] AndroidManifest.xml:32:17-78
128                android:value="androidx.startup" />
128-->[androidx.lifecycle:lifecycle-process:2.4.0] AndroidManifest.xml:33:17-49
129        </provider>
130    </application>
131
132</manifest>